20:27:54: Creating resource group General
20:27:54: Creating resource group Internal
20:27:54: Creating resource group Autodetect
20:27:54: SceneManagerFactory for type 'DefaultSceneManager' registered.
20:27:54: Registering ResourceManager for type Material
20:27:54: Registering ResourceManager for type Mesh
20:27:54: Registering ResourceManager for type Skeleton
20:27:54: MovableObjectFactory for type 'ParticleSystem' registered.
20:27:54: OverlayElementFactory for type Panel registered.
20:27:54: OverlayElementFactory for type BorderPanel registered.
20:27:54: OverlayElementFactory for type TextArea registered.
20:27:54: Registering ResourceManager for type Font
20:27:54: ArchiveFactory for archive type FileSystem registered.
20:27:54: ArchiveFactory for archive type Zip registered.
20:27:54: FreeImage version: 3.10.0
20:27:54: This program uses FreeImage, a free, open source image library supporting all common bitmap formats. See http://freeimage.sourceforge.net for details
20:27:54: Supported formats: bmp,ico,jpg,jif,jpeg,jpe,jng,koa,iff,lbm,mng,pbm,pbm,pcd,pcx,pgm,pgm,png,ppm,ppm,ras,tga,targa,tif,tiff,wap,wbmp,wbm,psd,cut,xbm,xpm,gif,hdr,g3,sgi,exr,j2k,j2c,jp2
20:27:54: DDS codec registering
20:27:54: Registering ResourceManager for type HighLevelGpuProgram
20:27:54: Registering ResourceManager for type Compositor
20:27:54: MovableObjectFactory for type 'Entity' registered.
20:27:54: MovableObjectFactory for type 'Light' registered.
20:27:54: MovableObjectFactory for type 'BillboardSet' registered.
20:27:54: MovableObjectFactory for type 'ManualObject' registered.
20:27:54: MovableObjectFactory for type 'BillboardChain' registered.
20:27:54: MovableObjectFactory for type 'RibbonTrail' registered.
20:27:54: Loading library .\RenderSystem_Direct3D9
20:27:54: Installing plugin: D3D9 RenderSystem
20:27:54: D3D9 : Direct3D9 Rendering Subsystem created.
20:27:54: D3D9: Driver Detection Starts
20:27:54: D3D9: Driver Detection Ends
20:27:54: Plugin successfully installed
20:27:54: Loading library .\RenderSystem_GL
20:27:54: Installing plugin: GL RenderSystem
20:27:54: OpenGL Rendering Subsystem created.
20:27:54: Plugin successfully installed
20:27:54: Loading library .\Plugin_ParticleFX
20:27:54: Installing plugin: ParticleFX
20:27:54: Particle Emitter Type 'Point' registered
20:27:54: Particle Emitter Type 'Box' registered
20:27:54: Particle Emitter Type 'Ellipsoid' registered
20:27:54: Particle Emitter Type 'Cylinder' registered
20:27:54: Particle Emitter Type 'Ring' registered
20:27:54: Particle Emitter Type 'HollowEllipsoid' registered
20:27:54: Particle Affector Type 'LinearForce' registered
20:27:54: Particle Affector Type 'ColourFader' registered
20:27:54: Particle Affector Type 'ColourFader2' registered
20:27:54: Particle Affector Type 'ColourImage' registered
20:27:54: Particle Affector Type 'ColourInterpolator' registered
20:27:54: Particle Affector Type 'Scaler' registered
20:27:54: Particle Affector Type 'Rotator' registered
20:27:54: Particle Affector Type 'DirectionRandomiser' registered
20:27:54: Particle Affector Type 'DeflectorPlane' registered
20:27:54: Plugin successfully installed
20:27:54: Loading library .\Plugin_BSPSceneManager
20:27:54: Installing plugin: BSP Scene Manager
20:27:54: Plugin successfully installed
20:27:54: Loading library .\Plugin_CgProgramManager
20:27:54: Installing plugin: Cg Program Manager
20:27:54: Plugin successfully installed
20:27:54: Loading library .\Plugin_PCZSceneManager
20:27:54: Installing plugin: Portal Connected Zone Scene Manager
20:27:54: PCZone Factory Type 'ZoneType_Default' registered
20:27:54: Plugin successfully installed
20:27:54: Loading library .\Plugin_OctreeZone
20:27:54: Installing plugin: Octree Zone Factory
20:27:54: Plugin successfully installed
20:27:54: Loading library .\Plugin_OctreeSceneManager
20:27:54: Installing plugin: Octree & Terrain Scene Manager
20:27:54: Plugin successfully installed
20:27:54: *-*-* OGRE Initialising
20:27:54: *-*-* Version 1.6.4 (Shoggoth)
20:27:54: D3D9 : RenderSystem Option: Allow NVPerfHUD = No
20:27:54: D3D9 : RenderSystem Option: Anti aliasing = None
20:27:54: D3D9 : RenderSystem Option: Floating-point mode = Fastest
20:27:54: D3D9 : RenderSystem Option: Full Screen = No
20:27:54: D3D9 : RenderSystem Option: Rendering Device = NVIDIA GeForce 7950 GT
20:27:54: D3D9 : RenderSystem Option: VSync = No
20:27:54: D3D9 : RenderSystem Option: Video Mode = 1024 x 768 @ 32-bit colour
20:27:54: D3D9 : RenderSystem Option: sRGB Gamma Conversion = No
20:27:57: Creating resource group Bootstrap
20:27:57: Added resource location 'resource/packs/OgreCore.zip' of type 'Zip' to resource group 'Bootstrap'
20:27:57: Added resource location 'resource/' of type 'FileSystem' to resource group 'General'
20:27:57: Added resource location 'resource/overlays' of type 'FileSystem' to resource group 'General'
20:27:57: Added resource location 'resource/materials' of type 'FileSystem' to resource group 'General'
20:27:57: Added resource location 'resource/fonts' of type 'FileSystem' to resource group 'General'
20:27:57: Added resource location 'resource/materials/programs' of type 'FileSystem' to resource group 'General'
20:27:57: Added resource location 'resource/materials/scripts' of type 'FileSystem' to resource group 'General'
20:27:57: Added resource location 'resource/materials/textures' of type 'FileSystem' to resource group 'General'
20:27:57: Added resource location 'resource/models' of type 'FileSystem' to resource group 'General'
20:27:57: Added resource location 'resource/particle' of type 'FileSystem' to resource group 'General'
20:27:57: Added resource location 'resource/gui' of type 'FileSystem' to resource group 'General'
20:27:57: Added resource location 'resource/gui/de' of type 'FileSystem' to resource group 'General'
20:27:57: Added resource location 'resource/gui/en' of type 'FileSystem' to resource group 'General'
20:27:57: Added resource location 'resource/DeferredShadingMedia' of type 'FileSystem' to resource group 'General'
20:27:57: Added resource location 'resource/PCZAppMedia' of type 'FileSystem' to resource group 'General'
20:27:57: Added resource location 'resource/packs/cubemap.zip' of type 'Zip' to resource group 'General'
20:27:57: Added resource location 'resource/packs/cubemapsJS.zip' of type 'Zip' to resource group 'General'
20:27:57: Added resource location 'resource/packs/dragon.zip' of type 'Zip' to resource group 'General'
20:27:57: Added resource location 'resource/packs/fresneldemo.zip' of type 'Zip' to resource group 'General'
20:27:57: Added resource location 'resource/packs/ogretestmap.zip' of type 'Zip' to resource group 'General'
20:27:57: Added resource location 'resource/packs/skybox.zip' of type 'Zip' to resource group 'General'
20:27:57: D3D9 : RenderSystem Option: Allow NVPerfHUD = No
20:27:57: D3D9 : RenderSystem Option: Anti aliasing = None
20:27:57: D3D9 : RenderSystem Option: Floating-point mode = Fastest
20:27:57: D3D9 : RenderSystem Option: Full Screen = No
20:27:57: D3D9 : RenderSystem Option: Rendering Device = NVIDIA GeForce 7950 GT
20:27:57: D3D9 : RenderSystem Option: VSync = No
20:27:57: D3D9 : RenderSystem Option: Video Mode = 1024 x 768 @ 32-bit colour
20:27:57: D3D9 : RenderSystem Option: sRGB Gamma Conversion = No
20:27:57: CPU Identifier & Features
20:27:57: -------------------------
20:27:57:  *   CPU ID: AuthenticAMD: AMD Athlon(tm) 64 X2 Dual Core Processor 4200+
20:27:57:  *      SSE: yes
20:27:57:  *     SSE2: yes
20:27:57:  *     SSE3: yes
20:27:57:  *      MMX: yes
20:27:57:  *   MMXEXT: yes
20:27:57:  *    3DNOW: yes
20:27:57:  * 3DNOWEXT: yes
20:27:57:  *     CMOV: yes
20:27:57:  *      TSC: yes
20:27:57:  *      FPU: yes
20:27:57:  *      PRO: yes
20:27:57:  *       HT: no
20:27:57: -------------------------
20:27:57: D3D9 : Subsystem Initialising
20:27:57: D3D9RenderSystem::_createRenderWindow "OGRE Render Window", 1024x768 windowed  miscParams: FSAA=0 FSAAQuality=0 colourDepth=32 gamma=false useNVPerfHUD=false vsync=false 
20:27:57: D3D9 : Created D3D9 Rendering Window 'OGRE Render Window' : 1024x768, 32bpp
20:27:57: D3D9 : WARNING - disabling VSync in windowed mode can cause timing issues at lower frame rates, turn VSync on if you observe this problem.
20:27:57: Registering ResourceManager for type Texture
20:27:57: Registering ResourceManager for type GpuProgram
20:27:57: D3D9: Vertex texture format supported - PF_FLOAT32_RGB
20:27:57: D3D9: Vertex texture format supported - PF_FLOAT32_RGBA
20:27:57: D3D9: Vertex texture format supported - PF_FLOAT32_R
20:27:57: RenderSystem capabilities
20:27:57: -------------------------
20:27:57: RenderSystem Name: Direct3D9 Rendering Subsystem
20:27:57: GPU Vendor: nvidia
20:27:57: Device Name: NVIDIA GeForce 7950 GT
20:27:57: Driver Version: 6.14.11.9107
20:27:57:  * Fixed function pipeline: yes
20:27:57:  * Hardware generation of mipmaps: yes
20:27:57:  * Texture blending: yes
20:27:57:  * Anisotropic texture filtering: yes
20:27:57:  * Dot product texture operation: yes
20:27:57:  * Cube mapping: yes
20:27:57:  * Hardware stencil buffer: yes
20:27:57:    - Stencil depth: 8
20:27:57:    - Two sided stencil support: yes
20:27:57:    - Wrap stencil values: yes
20:27:57:  * Hardware vertex / index buffers: yes
20:27:57:  * Vertex programs: yes
20:27:57:  * Fragment programs: yes
20:27:57:  * Geometry programs: no
20:27:57:  * Supported Shader Profiles: hlsl ps_1_1 ps_1_2 ps_1_3 ps_1_4 ps_2_0 ps_2_a ps_2_b ps_2_x ps_3_0 vs_1_1 vs_2_0 vs_2_a vs_2_x vs_3_0
20:27:57:  * Texture Compression: yes
20:27:57:    - DXT: yes
20:27:57:    - VTC: no
20:27:57:  * Scissor Rectangle: yes
20:27:57:  * Hardware Occlusion Query: yes
20:27:57:  * User clip planes: yes
20:27:57:  * VET_UBYTE4 vertex element type: yes
20:27:57:  * Infinite far plane projection: yes
20:27:57:  * Hardware render-to-texture: yes
20:27:57:  * Floating point textures: yes
20:27:57:  * Non-power-of-two textures: yes
20:27:57:  * Volume textures: yes
20:27:57:  * Multiple Render Targets: 4
20:27:57:    - With different bit depths: no
20:27:57:  * Point Sprites: yes
20:27:57:  * Extended point parameters: yes
20:27:57:  * Max Point Size: 8192
20:27:57:  * Vertex texture fetch: yes
20:27:57:    - Max vertex textures: 4
20:27:57:    - Vertex textures shared: no
20:27:57:  * Render to Vertex Buffer : no
20:27:57:  * DirectX per stage constants: yes
20:27:57: ***************************************
20:27:57: *** D3D9 : Subsystem Initialised OK ***
20:27:57: ***************************************
20:27:57: ResourceBackgroundQueue - threading disabled
20:27:57: Particle Renderer Type 'billboard' registered
20:27:57: SceneManagerFactory for type 'BspSceneManager' registered.
20:27:57: Registering ResourceManager for type BspLevel
20:27:57: SceneManagerFactory for type 'PCZSceneManager' registered.
20:27:57: MovableObjectFactory for type 'PCZLight' registered.
20:27:57: PCZone Factory Type 'ZoneType_Octree' registered
20:27:57: PCZone Factory Type 'ZoneType_Terrain' registered
20:27:57: SceneManagerFactory for type 'OctreeSceneManager' registered.
20:27:57: SceneManagerFactory for type 'TerrainSceneManager' registered.
20:27:57: Parsing scripts for resource group Autodetect
20:27:57: Finished parsing scripts for resource group Autodetect
20:27:57: Parsing scripts for resource group Bootstrap
20:27:57: Parsing script OgreCore.material
20:27:57: Parsing script OgreProfiler.material
20:27:57: Parsing script Ogre.fontdef
20:27:57: Parsing script OgreDebugPanel.overlay
20:27:57: Texture: New_Ogre_Border_Center.png: Loading 1 faces(PF_A8R8G8B8,256x128x1) with  hardware generated mipmaps from Image. Internal format is PF_A8R8G8B8,256x128x1.
20:27:57: Texture: New_Ogre_Border.png: Loading 1 faces(PF_A8R8G8B8,256x256x1) with  hardware generated mipmaps from Image. Internal format is PF_A8R8G8B8,256x256x1.
20:27:57: Texture: New_Ogre_Border_Break.png: Loading 1 faces(PF_A8R8G8B8,32x32x1) with  hardware generated mipmaps from Image. Internal format is PF_A8R8G8B8,32x32x1.
20:27:57: Font BlueHighwayusing texture size 512x512
20:27:57: Info: Freetype returned null for character 127 in font BlueHighway
20:27:57: Info: Freetype returned null for character 128 in font BlueHighway
20:27:57: Info: Freetype returned null for character 129 in font BlueHighway
20:27:57: Info: Freetype returned null for character 130 in font BlueHighway
20:27:57: Info: Freetype returned null for character 131 in font BlueHighway
20:27:57: Info: Freetype returned null for character 132 in font BlueHighway
20:27:57: Info: Freetype returned null for character 133 in font BlueHighway
20:27:57: Info: Freetype returned null for character 134 in font BlueHighway
20:27:57: Info: Freetype returned null for character 135 in font BlueHighway
20:27:57: Info: Freetype returned null for character 136 in font BlueHighway
20:27:57: Info: Freetype returned null for character 137 in font BlueHighway
20:27:57: Info: Freetype returned null for character 138 in font BlueHighway
20:27:57: Info: Freetype returned null for character 139 in font BlueHighway
20:27:57: Info: Freetype returned null for character 140 in font BlueHighway
20:27:57: Info: Freetype returned null for character 141 in font BlueHighway
20:27:57: Info: Freetype returned null for character 142 in font BlueHighway
20:27:57: Info: Freetype returned null for character 143 in font BlueHighway
20:27:57: Info: Freetype returned null for character 144 in font BlueHighway
20:27:57: Info: Freetype returned null for character 145 in font BlueHighway
20:27:57: Info: Freetype returned null for character 146 in font BlueHighway
20:27:57: Info: Freetype returned null for character 147 in font BlueHighway
20:27:57: Info: Freetype returned null for character 148 in font BlueHighway
20:27:57: Info: Freetype returned null for character 149 in font BlueHighway
20:27:57: Info: Freetype returned null for character 150 in font BlueHighway
20:27:57: Info: Freetype returned null for character 151 in font BlueHighway
20:27:57: Info: Freetype returned null for character 152 in font BlueHighway
20:27:57: Info: Freetype returned null for character 153 in font BlueHighway
20:27:57: Info: Freetype returned null for character 154 in font BlueHighway
20:27:57: Info: Freetype returned null for character 155 in font BlueHighway
20:27:57: Info: Freetype returned null for character 156 in font BlueHighway
20:27:57: Info: Freetype returned null for character 157 in font BlueHighway
20:27:57: Info: Freetype returned null for character 158 in font BlueHighway
20:27:57: Info: Freetype returned null for character 159 in font BlueHighway
20:27:57: Info: Freetype returned null for character 160 in font BlueHighway
20:27:57: Texture: BlueHighwayTexture: Loading 1 faces(PF_BYTE_LA,512x512x1) with 0 generated mipmaps from Image. Internal format is PF_BYTE_LA,512x512x1.
20:27:57: Texture: ogretext.png: Loading 1 faces(PF_A8R8G8B8,256x128x1) with  hardware generated mipmaps from Image. Internal format is PF_A8R8G8B8,256x128x1.
20:27:57: Parsing script OgreLoadingPanel.overlay
20:27:57: Finished parsing scripts for resource group Bootstrap
20:27:57: Parsing scripts for resource group General
20:27:57: Parsing script Examples.program
20:27:57: Parsing script StdQuad_vp.program
20:27:57: Parsing script deferred.glsl.program
20:27:57: Parsing script deferred.hlsl.program
20:27:57: Parsing script deferred.program
20:27:57: Parsing script deferred_post_ambient.program
20:27:57: Parsing script deferred_post_debug.glsl.program
20:27:57: Parsing script deferred_post_debug.hlsl.program
20:27:57: Parsing script deferred_post_debug.program
20:27:57: Parsing script deferred_post_minilight.glsl.program
20:27:57: Parsing script deferred_post_minilight.hlsl.program
20:27:57: OGRE EXCEPTION(2:InvalidParametersException): Parameter called lightFalloff does not exist.  in GpuProgramParameters::_findNamedConstantDefinition at ..\src\OgreGpuProgram.cpp (line 1097)
20:27:57: Compiler error: invalid parameters in deferred_post_minilight.hlsl.program(27): setting of constant failed
20:27:57: Parsing script deferred_post_minilight.program
20:27:57: Parsing script deferred_post_multipass.glsl.program
20:27:57: Parsing script deferred_post_multipass.hlsl.program
20:27:57: Parsing script deferred_post_onepass.glsl.program
20:27:57: Parsing script deferred_post_onepass.hlsl.program
20:27:58: Parsing script deferred_post_vs.program
20:27:58: Parsing script dodgehead.material
20:27:58: Compiler error: number expected in dodgehead.material(146): specular expects at least 4 arguments
20:27:58: Compiler error: number expected in dodgehead.material(163): specular expects at least 4 arguments
20:27:58: Compiler error: number expected in dodgehead.material(180): specular expects at least 4 arguments
20:27:58: Compiler error: number expected in dodgehead.material(788): specular expects at least 4 arguments
20:27:58: OGRE EXCEPTION(2:InvalidParametersException): Parameter called camObjPos does not exist.  in GpuProgramParameters::_findNamedConstantDefinition at ..\src\OgreGpuProgram.cpp (line 1097)
20:27:58: Compiler error: invalid parameters in dodgehead.material(986): setting of constant failed
20:27:58: Parsing script ASCII.material
20:27:58: Parsing script ASMSwizzle.material
20:27:58: Compiler error: object unsupported by render system in ASMSwizzle.material(1)
20:27:58: Parsing script BlackAndWhite.material
20:27:58: Parsing script Bloom.material
20:27:58: Parsing script Bloom2.material
20:27:58: Parsing script CGSwizzle.material
20:27:58: Parsing script DepthShadowmap.material
20:27:58: Parsing script Dither.material
20:27:58: Parsing script DOF.material
20:27:58: Parsing script Embossed.material
20:27:58: Parsing script Example-DynTex.material
20:27:58: Parsing script Example-Water.material
20:27:58: Parsing script Example.material
20:27:58: OGRE EXCEPTION(2:InvalidParametersException): Parameter called camObjPos does not exist.  in GpuProgramParameters::_findNamedConstantDefinition at ..\src\OgreGpuProgram.cpp (line 1097)
20:27:58: Compiler error: invalid parameters in Example.material(775): setting of constant failed
20:27:59: Parsing script Examples-Advanced.material
20:27:59: Parsing script facial.material
20:27:59: Parsing script Glass.material
20:27:59: Parsing script GLSLSwizzle.material
20:27:59: Parsing script Halftone.material
20:27:59: Parsing script hdr.material
20:27:59: Parsing script HeatVision.material
20:27:59: Parsing script Hurt.material
20:27:59: Parsing script instancing.material
20:27:59: Parsing script Invert.material
20:27:59: Parsing script IsoSurf.material
20:27:59: Parsing script Laplace.material
20:27:59: Parsing script MotionBlur.material
20:27:59: Parsing script MRTtest.material
20:27:59: Parsing script NightVision.material
20:27:59: Parsing script Ocean.material
20:28:00: Parsing script OffsetMapping.material
20:28:00: Parsing script Ogre.material
20:28:00: Parsing script OldMovie.material
20:28:00: Parsing script OldTV.material
20:28:00: Parsing script ParticleGS.material
20:28:00: OGRE EXCEPTION(7:InternalErrorException): Unable to compile Cg program Ogre/ParticleGS/GenerateVS: CG ERROR : The compile returned an error.
(0) : error C6015: Output 'POSITION' not completely written
 in CgProgram::loadFromSource at ..\src\OgreCgProgramManagerDll.cpp (line 66)
20:28:00: High-level program Ogre/ParticleGS/GenerateVS encountered an error during loading and is thus not supported.
OGRE EXCEPTION(7:InternalErrorException): Unable to compile Cg program Ogre/ParticleGS/GenerateVS: CG ERROR : The compile returned an error.
(0) : error C6015: Output 'POSITION' not completely written
 in CgProgram::loadFromSource at ..\src\OgreCgProgramManagerDll.cpp (line 66)
20:28:00: OGRE EXCEPTION(7:InternalErrorException): Unable to compile Cg program Ogre/ParticleGS/DisplayVS: CG ERROR : The compile returned an error.
(249) : warning C7050: "output.color" might be used before being initialized
(0) : error C6015: Output 'POSITION' not completely written
 in CgProgram::loadFromSource at ..\src\OgreCgProgramManagerDll.cpp (line 66)
20:28:00: High-level program Ogre/ParticleGS/DisplayVS encountered an error during loading and is thus not supported.
OGRE EXCEPTION(7:InternalErrorException): Unable to compile Cg program Ogre/ParticleGS/DisplayVS: CG ERROR : The compile returned an error.
(249) : warning C7050: "output.color" might be used before being initialized
(0) : error C6015: Output 'POSITION' not completely written
 in CgProgram::loadFromSource at ..\src\OgreCgProgramManagerDll.cpp (line 66)
20:28:00: OGRE EXCEPTION(7:InternalErrorException): Unable to compile Cg program Ogre/ParticleGS/DisplayPS: CG ERROR : The compile returned an error.
(323) : fatal error C9999: unexpected cast operation
 in CgProgram::loadFromSource at ..\src\OgreCgProgramManagerDll.cpp (line 66)
20:28:00: High-level program Ogre/ParticleGS/DisplayPS encountered an error during loading and is thus not supported.
OGRE EXCEPTION(7:InternalErrorException): Unable to compile Cg program Ogre/ParticleGS/DisplayPS: CG ERROR : The compile returned an error.
(323) : fatal error C9999: unexpected cast operation
 in CgProgram::loadFromSource at ..\src\OgreCgProgramManagerDll.cpp (line 66)
20:28:00: Parsing script Posterize.material
20:28:00: Parsing script pssm.material
20:28:00: Parsing script RadialBlur.material
20:28:00: Parsing script RZR-002.material
20:28:00: Parsing script SharpenEdges.material
20:28:00: Parsing script smoke.material
20:28:00: Parsing script Tiling.material
20:28:00: Parsing script VarianceShadowmap.material
20:28:00: Parsing script deferred.material
20:28:00: Parsing script deferreddemo.material
20:28:00: Parsing script deferred_post_ambient.material
20:28:00: Parsing script deferred_post_debug.material
20:28:00: Parsing script deferred_post_minilight.material
20:28:00: Parsing script deferred_post_multipass.material
20:28:00: Parsing script deferred_post_onepass.material
20:28:00: Parsing script ROOM.material
20:28:00: Parsing script RomanBath.material
20:28:00: Parsing script dodgehead.particle
20:28:00: Parsing script emitted_emitter.particle
20:28:00: Parsing script Example-Water.particle
20:28:00: Parsing script Example.particle
20:28:00: Parsing script smoke.particle
20:28:00: Parsing script Examples.compositor
20:28:00: Parsing script deferred.compositor
20:28:00: Parsing script BlueBold.fontdef
20:28:00: Parsing script sample.fontdef
20:28:00: Parsing script dodgehead.overlay
20:28:00: Font BlueBoldusing texture size 512x256
20:28:00: Info: Freetype returned null for character 127 in font BlueBold
20:28:00: Info: Freetype returned null for character 128 in font BlueBold
20:28:00: Info: Freetype returned null for character 129 in font BlueBold
20:28:00: Info: Freetype returned null for character 130 in font BlueBold
20:28:00: Info: Freetype returned null for character 131 in font BlueBold
20:28:00: Info: Freetype returned null for character 132 in font BlueBold
20:28:00: Info: Freetype returned null for character 133 in font BlueBold
20:28:00: Info: Freetype returned null for character 134 in font BlueBold
20:28:00: Info: Freetype returned null for character 135 in font BlueBold
20:28:00: Info: Freetype returned null for character 136 in font BlueBold
20:28:00: Info: Freetype returned null for character 137 in font BlueBold
20:28:00: Info: Freetype returned null for character 138 in font BlueBold
20:28:00: Info: Freetype returned null for character 139 in font BlueBold
20:28:00: Info: Freetype returned null for character 140 in font BlueBold
20:28:00: Info: Freetype returned null for character 141 in font BlueBold
20:28:00: Info: Freetype returned null for character 142 in font BlueBold
20:28:00: Info: Freetype returned null for character 143 in font BlueBold
20:28:00: Info: Freetype returned null for character 144 in font BlueBold
20:28:00: Info: Freetype returned null for character 145 in font BlueBold
20:28:00: Info: Freetype returned null for character 146 in font BlueBold
20:28:00: Info: Freetype returned null for character 147 in font BlueBold
20:28:00: Info: Freetype returned null for character 148 in font BlueBold
20:28:00: Info: Freetype returned null for character 149 in font BlueBold
20:28:00: Info: Freetype returned null for character 150 in font BlueBold
20:28:00: Info: Freetype returned null for character 151 in font BlueBold
20:28:00: Info: Freetype returned null for character 152 in font BlueBold
20:28:00: Info: Freetype returned null for character 153 in font BlueBold
20:28:00: Info: Freetype returned null for character 154 in font BlueBold
20:28:00: Info: Freetype returned null for character 155 in font BlueBold
20:28:00: Info: Freetype returned null for character 156 in font BlueBold
20:28:00: Info: Freetype returned null for character 157 in font BlueBold
20:28:00: Info: Freetype returned null for character 158 in font BlueBold
20:28:00: Info: Freetype returned null for character 159 in font BlueBold
20:28:00: Info: Freetype returned null for character 160 in font BlueBold
20:28:00: Texture: BlueBoldTexture: Loading 1 faces(PF_BYTE_LA,512x256x1) with 0 generated mipmaps from Image. Internal format is PF_BYTE_LA,512x256x1.
20:28:00: Texture: hurt.png: Loading 1 faces(PF_A8R8G8B8,1024x768x1) with 5 generated mipmaps from Image. Internal format is PF_A8R8G8B8,1024x768x1.
20:28:01: Texture: dodgeheadlogo.png: Loading 1 faces(PF_A8R8G8B8,352x155x1) with 5 generated mipmaps from Image. Internal format is PF_A8R8G8B8,352x155x1.
20:28:01: Finished parsing scripts for resource group General
20:28:01: Parsing scripts for resource group Internal
20:28:01: Finished parsing scripts for resource group Internal
20:28:01: Mesh: Loading column.mesh.
20:28:01: Mesh: Loading ogrehead.mesh.
20:28:01: Texture: WeirdEye.png: Loading 1 faces(PF_R8G8B8,256x256x1) with  hardware generated mipmaps from Image. Internal format is PF_X8R8G8B8,256x256x1.
20:28:01: Texture: GreenSkin.jpg: Loading 1 faces(PF_R8G8B8,256x256x1) with  hardware generated mipmaps from Image. Internal format is PF_X8R8G8B8,256x256x1.
20:28:01: Texture: spheremap.png: Loading 1 faces(PF_R8G8B8,256x256x1) with  hardware generated mipmaps from Image. Internal format is PF_X8R8G8B8,256x256x1.
20:28:01: Texture: dirt01.jpg: Loading 1 faces(PF_R8G8B8,96x96x1) with 5 generated mipmaps from Image. Internal format is PF_X8R8G8B8,96x96x1.
20:28:01: Texture: egyptrockyfull.jpg: Loading 1 faces(PF_R8G8B8,512x512x1) with  hardware generated mipmaps from Image. Internal format is PF_X8R8G8B8,512x512x1.
20:28:01: Texture: TaharezLook.tga: Loading 1 faces(PF_A8R8G8B8,256x256x1) with 0 generated mipmaps from Image. Internal format is PF_A8R8G8B8,256x256x1.
20:28:01: Texture: _cegui_ogre_0: Loading 1 faces(PF_A8R8G8B8,256x256x1) with 0 generated mipmaps from Image. Internal format is PF_A8R8G8B8,256x256x1.
20:28:01: Texture: stevecube_fr.jpg: Loading 1 faces(PF_R8G8B8,512x512x1) with  hardware generated mipmaps from Image. Internal format is PF_X8R8G8B8,512x512x1.
20:28:01: Texture: stevecube_bk.jpg: Loading 1 faces(PF_R8G8B8,512x512x1) with  hardware generated mipmaps from Image. Internal format is PF_X8R8G8B8,512x512x1.
20:28:01: Texture: stevecube_lf.jpg: Loading 1 faces(PF_R8G8B8,512x512x1) with  hardware generated mipmaps from Image. Internal format is PF_X8R8G8B8,512x512x1.
20:28:01: Texture: stevecube_rt.jpg: Loading 1 faces(PF_R8G8B8,512x512x1) with  hardware generated mipmaps from Image. Internal format is PF_X8R8G8B8,512x512x1.
20:28:01: Texture: stevecube_up.jpg: Loading 1 faces(PF_R8G8B8,512x512x1) with  hardware generated mipmaps from Image. Internal format is PF_X8R8G8B8,512x512x1.
20:28:01: Texture: stevecube_dn.jpg: Loading 1 faces(PF_R8G8B8,512x512x1) with  hardware generated mipmaps from Image. Internal format is PF_X8R8G8B8,512x512x1.
20:28:01: Mesh: Loading tudorhouse.mesh.
20:28:01: Texture: fw12b.jpg: Loading 1 faces(PF_R8G8B8,1024x1024x1) with  hardware generated mipmaps from Image. Internal format is PF_X8R8G8B8,1024x1024x1.
20:28:01: Texture: grass_1024.jpg: Loading 1 faces(PF_R8G8B8,1024x1024x1) with  hardware generated mipmaps from Image. Internal format is PF_X8R8G8B8,1024x1024x1.
20:28:02: Texture: spot_shadow_fade.png: Loading 1 faces(PF_R8G8B8,128x128x1) with  hardware generated mipmaps from Image. Internal format is PF_X8R8G8B8,128x128x1.
20:28:02: Texture: flare.png: Loading 1 faces(PF_R8G8B8,256x256x1) with  hardware generated mipmaps from Image. Internal format is PF_X8R8G8B8,256x256x1.
20:28:02: Texture: flaretrail.png: Loading 1 faces(PF_R8G8B8,128x128x1) with  hardware generated mipmaps from Image. Internal format is PF_X8R8G8B8,128x128x1.
20:28:09: Mesh: Loading cube.mesh.
20:28:09: Can't assign material 1 - Default to SubEntity of EntitySceneryObject1 because this Material does not exist. Have you forgotten to define it in a .material script?
20:28:09: Can't assign material 1 - Default to SubEntity of EntitySceneryObject2 because this Material does not exist. Have you forgotten to define it in a .material script?
20:28:09: Can't assign material 1 - Default to SubEntity of EntitySceneryObject3 because this Material does not exist. Have you forgotten to define it in a .material script?
20:28:09: Can't assign material 1 - Default to SubEntity of EntitySceneryObject4 because this Material does not exist. Have you forgotten to define it in a .material script?
20:28:09: Can't assign material 1 - Default to SubEntity of EntitySceneryObject5 because this Material does not exist. Have you forgotten to define it in a .material script?
20:28:09: Can't assign material 1 - Default to SubEntity of EntitySceneryObject6 because this Material does not exist. Have you forgotten to define it in a .material script?
20:28:09: Can't assign material 1 - Default to SubEntity of EntitySceneryObject7 because this Material does not exist. Have you forgotten to define it in a .material script?
20:28:09: Can't assign material 1 - Default to SubEntity of EntitySceneryObject8 because this Material does not exist. Have you forgotten to define it in a .material script?
20:28:09: Can't assign material 1 - Default to SubEntity of EntitySceneryObject9 because this Material does not exist. Have you forgotten to define it in a .material script?
20:28:09: Can't assign material 1 - Default to SubEntity of EntitySceneryObject10 because this Material does not exist. Have you forgotten to define it in a .material script?
20:28:09: Can't assign material 1 - Default to SubEntity of EntitySceneryObject11 because this Material does not exist. Have you forgotten to define it in a .material script?
20:28:09: Can't assign material 1 - Default to SubEntity of EntitySceneryObject12 because this Material does not exist. Have you forgotten to define it in a .material script?
20:28:09: Can't assign material 1 - Default to SubEntity of EntitySceneryObject13 because this Material does not exist. Have you forgotten to define it in a .material script?
20:28:09: Can't assign material 1 - Default to SubEntity of EntitySceneryObject14 because this Material does not exist. Have you forgotten to define it in a .material script?
20:28:09: Can't assign material 1 - Default to SubEntity of EntitySceneryObject15 because this Material does not exist. Have you forgotten to define it in a .material script?
20:28:09: Can't assign material 1 - Default to SubEntity of EntitySceneryObject16 because this Material does not exist. Have you forgotten to define it in a .material script?
20:28:09: Can't assign material 1 - Default to SubEntity of EntitySceneryObject17 because this Material does not exist. Have you forgotten to define it in a .material script?
20:28:09: Can't assign material 1 - Default to SubEntity of EntitySceneryObject18 because this Material does not exist. Have you forgotten to define it in a .material script?
20:28:09: Can't assign material 1 - Default to SubEntity of EntitySceneryObject19 because this Material does not exist. Have you forgotten to define it in a .material script?
20:28:09: Can't assign material 1 - Default to SubEntity of EntitySceneryObject20 because this Material does not exist. Have you forgotten to define it in a .material script?
20:28:09: Can't assign material 1 - Default to SubEntity of EntitySceneryObject21 because this Material does not exist. Have you forgotten to define it in a .material script?
20:28:09: Can't assign material 1 - Default to SubEntity of EntitySceneryObject22 because this Material does not exist. Have you forgotten to define it in a .material script?
20:28:09: Can't assign material 1 - Default to SubEntity of EntitySceneryObject23 because this Material does not exist. Have you forgotten to define it in a .material script?
20:28:09: Can't assign material 1 - Default to SubEntity of EntitySceneryObject24 because this Material does not exist. Have you forgotten to define it in a .material script?
20:28:09: Can't assign material 1 - Default to SubEntity of EntitySceneryObject25 because this Material does not exist. Have you forgotten to define it in a .material script?
20:28:09: Can't assign material 1 - Default to SubEntity of EntitySceneryObject26 because this Material does not exist. Have you forgotten to define it in a .material script?
20:28:09: Can't assign material 1 - Default to SubEntity of EntitySceneryObject27 because this Material does not exist. Have you forgotten to define it in a .material script?
20:28:09: Can't assign material 1 - Default to SubEntity of EntitySceneryObject28 because this Material does not exist. Have you forgotten to define it in a .material script?
20:28:09: Can't assign material 1 - Default to SubEntity of EntitySceneryObject29 because this Material does not exist. Have you forgotten to define it in a .material script?
20:28:09: Can't assign material 1 - Default to SubEntity of EntitySceneryObject30 because this Material does not exist. Have you forgotten to define it in a .material script?
20:28:09: Can't assign material 1 - Default to SubEntity of EntitySceneryObject31 because this Material does not exist. Have you forgotten to define it in a .material script?
20:28:09: Can't assign material 1 - Default to SubEntity of EntitySceneryObject32 because this Material does not exist. Have you forgotten to define it in a .material script?
20:28:09: Can't assign material 1 - Default to SubEntity of EntitySceneryObject33 because this Material does not exist. Have you forgotten to define it in a .material script?
20:28:09: Can't assign material 1 - Default to SubEntity of EntitySceneryObject34 because this Material does not exist. Have you forgotten to define it in a .material script?
20:28:09: Can't assign material 1 - Default to SubEntity of EntitySceneryObject35 because this Material does not exist. Have you forgotten to define it in a .material script?
20:28:09: Can't assign material 1 - Default to SubEntity of EntitySceneryObject36 because this Material does not exist. Have you forgotten to define it in a .material script?
20:28:09: Can't assign material 1 - Default to SubEntity of EntitySceneryObject37 because this Material does not exist. Have you forgotten to define it in a .material script?
20:28:09: Can't assign material 1 - Default to SubEntity of EntitySceneryObject38 because this Material does not exist. Have you forgotten to define it in a .material script?
20:28:09: Can't assign material 1 - Default to SubEntity of EntitySceneryObject39 because this Material does not exist. Have you forgotten to define it in a .material script?
20:28:09: Can't assign material 1 - Default to SubEntity of EntitySceneryObject40 because this Material does not exist. Have you forgotten to define it in a .material script?
20:28:09: Can't assign material 1 - Default to SubEntity of EntitySceneryObject41 because this Material does not exist. Have you forgotten to define it in a .material script?
20:28:09: Can't assign material 1 - Default to SubEntity of EntitySceneryObject42 because this Material does not exist. Have you forgotten to define it in a .material script?
20:28:09: Can't assign material 1 - Default to SubEntity of EntitySceneryObject43 because this Material does not exist. Have you forgotten to define it in a .material script?
20:28:09: Can't assign material 1 - Default to SubEntity of EntitySceneryObject44 because this Material does not exist. Have you forgotten to define it in a .material script?
20:28:09: Can't assign material 1 - Default to SubEntity of EntitySceneryObject45 because this Material does not exist. Have you forgotten to define it in a .material script?
20:28:09: Can't assign material 1 - Default to SubEntity of EntitySceneryObject46 because this Material does not exist. Have you forgotten to define it in a .material script?
20:28:09: Can't assign material 1 - Default to SubEntity of EntitySceneryObject47 because this Material does not exist. Have you forgotten to define it in a .material script?
20:28:09: Can't assign material 1 - Default to SubEntity of EntitySceneryObject49 because this Material does not exist. Have you forgotten to define it in a .material script?
20:28:09: Can't assign material 1 - Default to SubEntity of EntitySceneryObject50 because this Material does not exist. Have you forgotten to define it in a .material script?
20:28:09: Can't assign material 1 - Default to SubEntity of EntitySceneryObject51 because this Material does not exist. Have you forgotten to define it in a .material script?
20:28:09: Can't assign material 1 - Default to SubEntity of EntitySceneryObject52 because this Material does not exist. Have you forgotten to define it in a .material script?
20:28:09: Can't assign material 1 - Default to SubEntity of EntitySceneryObject53 because this Material does not exist. Have you forgotten to define it in a .material script?
20:28:09: Can't assign material 1 - Default to SubEntity of EntitySceneryObject54 because this Material does not exist. Have you forgotten to define it in a .material script?
20:28:09: Can't assign material 1 - Default to SubEntity of EntitySceneryObject55 because this Material does not exist. Have you forgotten to define it in a .material script?
20:28:09: Can't assign material 1 - Default to SubEntity of EntitySceneryObject56 because this Material does not exist. Have you forgotten to define it in a .material script?
20:28:09: Can't assign material 1 - Default to SubEntity of EntitySceneryObject57 because this Material does not exist. Have you forgotten to define it in a .material script?
20:28:09: Can't assign material 1 - Default to SubEntity of EntitySceneryObject58 because this Material does not exist. Have you forgotten to define it in a .material script?
20:28:09: Can't assign material 1 - Default to SubEntity of EntitySceneryObject59 because this Material does not exist. Have you forgotten to define it in a .material script?
20:28:09: Can't assign material 1 - Default to SubEntity of EntitySceneryObject60 because this Material does not exist. Have you forgotten to define it in a .material script?
20:28:09: Can't assign material 1 - Default to SubEntity of EntitySceneryObject61 because this Material does not exist. Have you forgotten to define it in a .material script?
20:28:09: Can't assign material 1 - Default to SubEntity of EntitySimpleEnemy1 because this Material does not exist. Have you forgotten to define it in a .material script?
20:28:09: Texture: Water01.jpg: Loading 1 faces(PF_R8G8B8,512x512x1) with  hardware generated mipmaps from Image. Internal format is PF_X8R8G8B8,512x512x1.
20:28:09: Can't assign material 1 - Default to SubEntity of EntitySimpleEnemy2 because this Material does not exist. Have you forgotten to define it in a .material script?
20:28:09: Can't assign material 1 - Default to SubEntity of EntitySimpleEnemy3 because this Material does not exist. Have you forgotten to define it in a .material script?
20:28:09: Can't assign material 1 - Default to SubEntity of EntitySimpleEnemy4 because this Material does not exist. Have you forgotten to define it in a .material script?
20:28:09: Can't assign material 1 - Default to SubEntity of EntitySimpleEnemy5 because this Material does not exist. Have you forgotten to define it in a .material script?
20:28:09: Can't assign material 1 - Default to SubEntity of EntitySimpleEnemy6 because this Material does not exist. Have you forgotten to define it in a .material script?
20:28:09: Can't assign material 1 - Default to SubEntity of EntitySimpleEnemy7 because this Material does not exist. Have you forgotten to define it in a .material script?
20:28:09: Can't assign material 1 - Default to SubEntity of EntitySimpleEnemy8 because this Material does not exist. Have you forgotten to define it in a .material script?
20:28:09: Can't assign material 1 - Default to SubEntity of EntitySimpleEnemy9 because this Material does not exist. Have you forgotten to define it in a .material script?
20:28:09: Can't assign material 1 - Default to SubEntity of EntitySimpleEnemy10 because this Material does not exist. Have you forgotten to define it in a .material script?
20:28:09: Can't assign material 1 - Default to SubEntity of EntitySimpleEnemy11 because this Material does not exist. Have you forgotten to define it in a .material script?
20:28:09: Can't assign material 1 - Default to SubEntity of EntitySimpleEnemy12 because this Material does not exist. Have you forgotten to define it in a .material script?
20:28:09: Can't assign material 1 - Default to SubEntity of EntitySimpleEnemy13 because this Material does not exist. Have you forgotten to define it in a .material script?
20:28:09: Can't assign material 1 - Default to SubEntity of EntitySimpleEnemy14 because this Material does not exist. Have you forgotten to define it in a .material script?
20:28:09: Mesh: Loading sphere.mesh.
